<?xml version="1.0" encoding="UTF-8"?>
<!-- Generated by org.testng.reporters.JUnitReportReporter -->
<testsuite hostname="RAY" failures="0" tests="1" name="com.crm.Organizations.TC_VT_002_TEST_TEST" time="25.306" errors="0" timestamp="2024-11-28T12:54:05 IST" skipped="0">
  <testcase classname="com.crm.Organizations.TC_VT_002_TEST_TEST" name="createOrganization" time="25.306"/>
  <system-out/>
</testsuite> <!-- com.crm.Organizations.TC_VT_002_TEST_TEST -->
